SF:lib\data\constants.dart
DA:4,1
DA:5,1
DA:6,1
DA:7,1
LF:4
LH:4
end_of_record
SF:lib\data\data_source\remote_data_source.dart
DA:15,1
DA:18,1
DA:21,5
DA:23,2
DA:24,3
DA:26,1
LF:6
LH:6
end_of_record
SF:lib\data\model\weather_model.dart
DA:5,4
DA:23,4
DA:24,2
DA:25,6
DA:26,6
DA:27,6
DA:28,4
DA:29,4
DA:30,4
DA:33,2
DA:34,1
DA:35,1
DA:36,1
DA:37,1
DA:38,1
DA:41,1
DA:42,1
DA:43,1
DA:44,1
DA:46,1
DA:49,4
DA:50,2
DA:51,2
DA:52,2
DA:53,2
DA:54,2
DA:55,2
DA:56,2
DA:59,2
DA:61,2
DA:62,2
DA:63,2
DA:64,2
DA:65,2
DA:66,2
DA:67,2
DA:68,2
LF:37
LH:37
end_of_record
SF:lib\data\failure.dart
DA:5,2
DA:7,1
DA:8,2
DA:12,4
DA:16,2
DA:20,0
LF:6
LH:5
end_of_record
SF:lib\domain\entities\weather_entities.dart
DA:4,7
DA:22,3
DA:24,3
DA:25,3
DA:26,3
DA:27,3
DA:28,3
DA:29,3
DA:30,3
DA:31,3
LF:10
LH:10
end_of_record
SF:lib\domain\usecase\get_current_weather_usecase.dart
DA:9,1
DA:11,1
DA:12,2
LF:3
LH:3
end_of_record
SF:lib\data\repositoriesImpl\weather_repository_impl.dart
DA:12,1
DA:15,1
DA:18,3
DA:19,2
DA:20,1
DA:21,2
DA:22,1
DA:23,2
LF:8
LH:8
end_of_record
SF:lib\presentation\bloc\weather_bloc.dart
DA:9,3
DA:10,2
DA:11,1
DA:13,2
DA:15,3
DA:16,1
DA:17,1
DA:18,3
DA:20,1
DA:21,2
LF:10
LH:10
end_of_record
SF:lib\presentation\bloc\weather_event.dart
DA:4,2
DA:6,0
DA:7,0
DA:13,2
DA:15,1
DA:16,2
LF:6
LH:4
end_of_record
SF:lib\presentation\bloc\weather_state.dart
DA:5,2
DA:7,1
DA:8,1
DA:18,1
DA:20,1
DA:21,2
DA:27,2
DA:29,1
DA:30,2
LF:9
LH:9
end_of_record
SF:lib\presentation\page\weather_page.dart
DA:10,2
DA:12,1
DA:14,1
DA:15,1
DA:17,1
DA:19,1
DA:22,1
DA:24,1
DA:26,1
DA:27,1
DA:29,1
DA:32,1
DA:33,3
DA:36,1
DA:37,1
DA:38,1
DA:39,1
DA:40,1
DA:41,1
DA:43,1
DA:44,1
DA:45,1
DA:46,1
DA:47,1
DA:49,1
DA:50,1
DA:51,2
DA:52,1
DA:56,1
DA:57,1
DA:58,1
DA:59,2
DA:65,1
DA:66,1
DA:67,5
DA:68,1
DA:73,1
DA:74,1
DA:75,1
DA:76,1
DA:81,1
DA:82,2
DA:83,1
DA:85,1
DA:87,1
DA:93,1
DA:95,1
DA:96,3
DA:97,1
DA:105,2
DA:106,1
DA:108,1
DA:110,1
DA:116,1
DA:118,1
DA:119,3
DA:120,1
DA:127,2
DA:128,1
DA:130,1
DA:132,1
DA:138,1
DA:140,1
DA:141,3
DA:142,1
DA:154,1
DA:155,0
DA:156,0
DA:159,1
LF:69
LH:67
end_of_record
